# JRE version: OpenJDK Runtime Environment (8.0_242-b01) (build 1.8.0_242-release-1644-b01)
# Java VM: OpenJDK 64-Bit Server VM (25.242-b01 mixed mode windows-amd64 compressed oops)
Heap:
 PSYoungGen      total 610304K, used 583776K [0x00000000d5580000, 0x0000000100000000, 0x0000000100000000)
  eden space 534016K, 98% used [0x00000000d5580000,0x00000000f58184a0,0x00000000f5f00000)
  from space 76288K, 74% used [0x00000000fad00000,0x00000000fe47fbb8,0x00000000ff780000)
  to   space 79872K, 0% used [0x00000000f5f00000,0x00000000f5f00000,0x00000000fad00000)
 ParOldGen       total 424960K, used 87352K [0x0000000080000000, 0x0000000099f00000, 0x00000000d5580000)
  object space 424960K, 20% used [0x0000000080000000,0x000000008554e0d8,0x0000000099f00000)
 Metaspace       used 172106K, capacity 180622K, committed 180976K, reserved 1208320K
  class space    used 20923K, capacity 22458K, committed 22576K, reserved 1048576K
GC Heap History (10 events):
Event: 6215.965 GC heap before
{Heap before GC invocations=35 (full 4):
 PSYoungGen      total 612352K, used 561331K [0x00000000d5580000, 0x0000000100000000, 0x0000000100000000)
  eden space 521216K, 100% used [0x00000000d5580000,0x00000000f5280000,0x00000000f5280000)
  from space 91136K, 44% used [0x00000000fa700000,0x00000000fce2cc58,0x0000000100000000)
  to   space 86528K, 0% used [0x00000000f5280000,0x00000000f5280000,0x00000000fa700000)
 ParOldGen       total 364032K, used 182666K [0x0000000080000000, 0x0000000096380000, 0x00000000d5580000)
  object space 364032K, 50% used [0x0000000080000000,0x000000008b2629f0,0x0000000096380000)
 Metaspace       used 153280K, capacity 160182K, committed 160424K, reserved 1189888K
  class space    used 18766K, capacity 20072K, committed 20144K, reserved 1048576K
Event: 6216.029 GC heap after
Heap after GC invocations=35 (full 4):
 PSYoungGen      total 537088K, used 32853K [0x00000000d5580000, 0x00000000fe280000, 0x0000000100000000)
  eden space 503808K, 0% used [0x00000000d5580000,0x00000000d5580000,0x00000000f4180000)
  from space 33280K, 98% used [0x00000000f5280000,0x00000000f72957d8,0x00000000f7300000)
  to   space 82432K, 0% used [0x00000000f9200000,0x00000000f9200000,0x00000000fe280000)
 ParOldGen       total 364032K, used 182674K [0x0000000080000000, 0x0000000096380000, 0x00000000d5580000)
  object space 364032K, 50% used [0x0000000080000000,0x000000008b2649f0,0x0000000096380000)
 Metaspace       used 153280K, capacity 160182K, committed 160424K, reserved 1189888K
  class space    used 18766K, capacity 20072K, committed 20144K, reserved 1048576K
}
Event: 6217.134 GC heap before
{Heap before GC invocations=36 (full 4):
 PSYoungGen      total 537088K, used 98492K [0x00000000d5580000, 0x00000000fe280000, 0x0000000100000000)
  eden space 503808K, 13% used [0x00000000d5580000,0x00000000d9599838,0x00000000f4180000)
  from space 33280K, 98% used [0x00000000f5280000,0x00000000f72957d8,0x00000000f7300000)
  to   space 82432K, 0% used [0x00000000f9200000,0x00000000f9200000,0x00000000fe280000)
 ParOldGen       total 364032K, used 182674K [0x0000000080000000, 0x0000000096380000, 0x00000000d5580000)
  object space 364032K, 50% used [0x0000000080000000,0x000000008b2649f0,0x0000000096380000)
 Metaspace       used 157389K, capacity 164290K, committed 164336K, reserved 1193984K
  class space    used 19207K, capacity 20528K, committed 20528K, reserved 1048576K
Event: 6217.169 GC heap after
Heap after GC invocations=36 (full 4):
 PSYoungGen      total 589824K, used 32809K [0x00000000d5580000, 0x0000000100000000, 0x0000000100000000)
  eden space 507392K, 0% used [0x00000000d5580000,0x00000000d5580000,0x00000000f4500000)
  from space 82432K, 39% used [0x00000000f9200000,0x00000000fb20a698,0x00000000fe280000)
  to   space 78848K, 0% used [0x00000000f4500000,0x00000000f4500000,0x00000000f9200000)
 ParOldGen       total 364032K, used 182682K [0x0000000080000000, 0x0000000096380000, 0x00000000d5580000)
  object space 364032K, 50% used [0x0000000080000000,0x000000008b2669f0,0x0000000096380000)
 Metaspace       used 157389K, capacity 164290K, committed 164336K, reserved 1193984K
  class space    used 19207K, capacity 20528K, committed 20528K, reserved 1048576K
}
Event: 6217.169 GC heap before
{Heap before GC invocations=37 (full 5):
 PSYoungGen      total 589824K, used 32809K [0x00000000d5580000, 0x0000000100000000, 0x0000000100000000)
  eden space 507392K, 0% used [0x00000000d5580000,0x00000000d5580000,0x00000000f4500000)
  from space 82432K, 39% used [0x00000000f9200000,0x00000000fb20a698,0x00000000fe280000)
  to   space 78848K, 0% used [0x00000000f4500000,0x00000000f4500000,0x00000000f9200000)
 ParOldGen       total 364032K, used 182682K [0x0000000080000000, 0x0000000096380000, 0x00000000d5580000)
  object space 364032K, 50% used [0x0000000080000000,0x000000008b2669f0,0x0000000096380000)
 Metaspace       used 157389K, capacity 164290K, committed 164336K, reserved 1193984K
  class space    used 19207K, capacity 20528K, committed 20528K, reserved 1048576K
Event: 6217.668 GC heap after
Heap after GC invocations=37 (full 5):
 PSYoungGen      total 589824K, used 0K [0x00000000d5580000, 0x0000000100000000, 0x0000000100000000)
  eden space 507392K, 0% used [0x00000000d5580000,0x00000000d5580000,0x00000000f4500000)
  from space 82432K, 0% used [0x00000000f9200000,0x00000000f9200000,0x00000000fe280000)
  to   space 78848K, 0% used [0x00000000f4500000,0x00000000f4500000,0x00000000f9200000)
 ParOldGen       total 424960K, used 87336K [0x0000000080000000, 0x0000000099f00000, 0x00000000d5580000)
  object space 424960K, 20% used [0x0000000080000000,0x000000008554a0d8,0x0000000099f00000)
 Metaspace       used 157019K, capacity 163672K, committed 164336K, reserved 1193984K
  class space    used 19143K, capacity 20409K, committed 20528K, reserved 1048576K
}
Event: 6447.616 GC heap before
{Heap before GC invocations=38 (full 5):
 PSYoungGen      total 589824K, used 507392K [0x00000000d5580000, 0x0000000100000000, 0x0000000100000000)
  eden space 507392K, 100% used [0x00000000d5580000,0x00000000f4500000,0x00000000f4500000)
  from space 82432K, 0% used [0x00000000f9200000,0x00000000f9200000,0x00000000fe280000)
  to   space 78848K, 0% used [0x00000000f4500000,0x00000000f4500000,0x00000000f9200000)
 ParOldGen       total 424960K, used 87336K [0x0000000080000000, 0x0000000099f00000, 0x00000000d5580000)
  object space 424960K, 20% used [0x0000000080000000,0x000000008554a0d8,0x0000000099f00000)
 Metaspace       used 158972K, capacity 165728K, committed 166384K, reserved 1196032K
  class space    used 19362K, capacity 20639K, committed 20784K, reserved 1048576K
Event: 6447.640 GC heap after
Heap after GC invocations=38 (full 5):
 PSYoungGen      total 586240K, used 29639K [0x00000000d5580000, 0x00000000ff780000, 0x0000000100000000)
  eden space 507392K, 0% used [0x00000000d5580000,0x00000000d5580000,0x00000000f4500000)
  from space 78848K, 37% used [0x00000000f4500000,0x00000000f61f1e50,0x00000000f9200000)
  to   space 76288K, 0% used [0x00000000fad00000,0x00000000fad00000,0x00000000ff780000)
 ParOldGen       total 424960K, used 87344K [0x0000000080000000, 0x0000000099f00000, 0x00000000d5580000)
  object space 424960K, 20% used [0x0000000080000000,0x000000008554c0d8,0x0000000099f00000)
 Metaspace       used 158972K, capacity 165728K, committed 166384K, reserved 1196032K
  class space    used 19362K, capacity 20639K, committed 20784K, reserved 1048576K
}
Event: 6826.477 GC heap before
{Heap before GC invocations=39 (full 5):
 PSYoungGen      total 586240K, used 537031K [0x00000000d5580000, 0x00000000ff780000, 0x0000000100000000)
  eden space 507392K, 100% used [0x00000000d5580000,0x00000000f4500000,0x00000000f4500000)
  from space 78848K, 37% used [0x00000000f4500000,0x00000000f61f1e50,0x00000000f9200000)
  to   space 76288K, 0% used [0x00000000fad00000,0x00000000fad00000,0x00000000ff780000)
 ParOldGen       total 424960K, used 87344K [0x0000000080000000, 0x0000000099f00000, 0x00000000d5580000)
  object space 424960K, 20% used [0x0000000080000000,0x000000008554c0d8,0x0000000099f00000)
 Metaspace       used 171519K, capacity 179912K, committed 180080K, reserved 1206272K
  class space    used 20864K, capacity 22367K, committed 22448K, reserved 1048576K
Event: 6826.586 GC heap after
Heap after GC invocations=39 (full 5):
 PSYoungGen      total 610304K, used 56830K [0x00000000d5580000, 0x0000000100000000, 0x0000000100000000)
  eden space 534016K, 0% used [0x00000000d5580000,0x00000000d5580000,0x00000000f5f00000)
  from space 76288K, 74% used [0x00000000fad00000,0x00000000fe47fbb8,0x00000000ff780000)
  to   space 79872K, 0% used [0x00000000f5f00000,0x00000000f5f00000,0x00000000fad00000)
 ParOldGen       total 424960K, used 87352K [0x0000000080000000, 0x0000000099f00000, 0x00000000d5580000)
  object space 424960K, 20% used [0x0000000080000000,0x000000008554e0d8,0x0000000099f00000)
 Metaspace       used 171519K, capacity 179912K, committed 180080K, reserved 1206272K
  class space    used 20864K, capacity 22367K, committed 22448K, reserved 1048576K
}

